2023-07-30 16:16:51
<b>EWWW\Base::__construct()</b>
plugin (resource) content_url: C:\Users\utilisateur\Local Sites\chic\app\public\wp-content/ewww/
plugin (resource) content_dir: C:\Users\utilisateur\Local Sites\chic\app\public\wp-content/ewww/
home url: http://chic.local/
relative home url: //chic.local/
home domain: chic.local
<b>EWWW\Plugin::instance()</b>
<b>EWWW\Backup::__construct()</b>
<b>EWWW\Local::__construct()</b>
<b>EWWW\Local::exec_check()</b>
<b>EWWW\Local::skip_tools()</b>
enabled: cwebp
enabled: gifsicle
enabled: jpegtran
enabled: optipng
<b>EWWW\Plugin::cloud_init()</b>
<b>ewww_image_optimizer_init()</b>
checking active plugins
<b>EWWW\Lazy_Load::__construct()</b>
<b>EWWW\Base::content_url()</b>
site/upload url: http://chic.local
site/upload domain: chic.local
upload_url: http://chic.local/wp-content/uploads/
request uri is /wp-admin/admin-ajax.php?action=wp_ewwwio_test_optimize&nonce=eaec8835f6&
is_admin
<b>EWWW\Tracking::schedule_send()</b>
<b>ewww_image_optimizer_upgrade()</b>
<b>EWWW\Plugin::register_settings()</b>
<b>EWWW\Plugin::cloud_init()</b>
<b>EWWW\Plugin::exec_init()</b>
<b>ewww_image_optimizer_cron_setup()</b>
<b>ewww_image_optimizer_ajax_compat_check()</b>
doing wp_ewwwio_test_optimize
<b>EWWWIO_Test_Optimize_Handler::handle()</b>
2023-07-31 11:21:24
<b>EWWW\Base::__construct()</b>
plugin (resource) content_url: C:\Users\utilisateur\Local Sites\chic\app\public\wp-content/ewww/
plugin (resource) content_dir: C:\Users\utilisateur\Local Sites\chic\app\public\wp-content/ewww/
home url: http://chic.local/
relative home url: //chic.local/
home domain: chic.local
<b>EWWW\Plugin::instance()</b>
<b>EWWW\Backup::__construct()</b>
<b>EWWW\Local::__construct()</b>
<b>EWWW\Local::exec_check()</b>
<b>EWWW\Local::skip_tools()</b>
enabled: cwebp
enabled: gifsicle
enabled: jpegtran
enabled: optipng
<b>EWWW\Plugin::cloud_init()</b>
<b>ewww_image_optimizer_init()</b>
checking active plugins
<b>EWWW\Lazy_Load::__construct()</b>
<b>EWWW\Base::content_url()</b>
site/upload url: http://chic.local
site/upload domain: chic.local
upload_url: http://chic.local/wp-content/uploads/
request uri is /wp-admin/admin-ajax.php?action=wp_ewwwio_test_optimize&nonce=2b94a40e21&
is_admin
<b>EWWW\Tracking::schedule_send()</b>
<b>ewww_image_optimizer_upgrade()</b>
<b>EWWW\Plugin::register_settings()</b>
<b>EWWW\Plugin::cloud_init()</b>
<b>EWWW\Plugin::exec_init()</b>
<b>ewww_image_optimizer_cron_setup()</b>
<b>ewww_image_optimizer_ajax_compat_check()</b>
doing wp_ewwwio_test_optimize
<b>EWWWIO_Test_Optimize_Handler::handle()</b>
